<?xml version="1.0" encoding="UTF-8"?>
<!-- Generated by org.testng.reporters.JUnitReportReporter -->
<testsuite hostname="Kavindra" failures="0" tests="1" name="kavindraoshan.tests.ErrorValidations" time="8.644" errors="0" timestamp="2025-05-10T10:29:10 AEST" skipped="0">
  <testcase classname="kavindraoshan.tests.ErrorValidations" name="submitOrder" time="8.644"/>
</testsuite> <!-- kavindraoshan.tests.ErrorValidations -->
